This file contains any messages produced by compilers while
running configure, to aid debugging if configure makes a mistake.

It was created by robocup-setplays configure 1.0, which was
generated by GNU Autoconf 2.69.  Invocation command line was

  $ ./configure 

## --------- ##
## Platform. ##
## --------- ##

hostname = raunis-laptop
uname -m = x86_64
uname -r = 4.4.0-209-generic
uname -s = Linux
uname -v = #241-Ubuntu SMP Tue Apr 13 01:06:06 UTC 2021

/usr/bin/uname -p = unknown
/bin/uname -X     = unknown

/bin/arch              = unknown
/usr/bin/arch -k       = unknown
/usr/convex/getsysinfo = unknown
/usr/bin/hostinfo      = unknown
/bin/machine           = unknown
/usr/bin/oslevel       = unknown
/bin/universe          = unknown

PATH: /home/raunis/bin
PATH: /home/raunis/.local/bin
PATH: /usr/local/sbin
PATH: /usr/local/bin
PATH: /usr/sbin
PATH: /usr/bin
PATH: /sbin
PATH: /bin
PATH: /usr/games
PATH: /usr/local/games
PATH: /snap/bin
PATH: /usr/lib/jvm/java-8-oracle/bin
PATH: /usr/lib/jvm/java-8-oracle/db/bin
PATH: /usr/lib/jvm/java-8-oracle/jre/bin


## ----------- ##
## Core tests. ##
## ----------- ##

configure:2314: checking for a BSD-compatible install
configure:2382: result: /usr/bin/install -c
configure:2393: checking whether build environment is sane
configure:2443: result: yes
configure:2584: checking for a thread-safe mkdir -p
configure:2623: result: /bin/mkdir -p
configure:2636: checking for gawk
configure:2652: found /usr/bin/gawk
configure:2663: result: gawk
configure:2674: checking whether make sets $(MAKE)
configure:2696: result: yes
configure:2819: checking for ranlib
configure:2835: found /usr/bin/ranlib
configure:2846: result: ranlib
configure:2931: checking for g++
configure:2947: found /usr/bin/g++
configure:2958: result: g++
configure:2985: checking for C++ compiler version
configure:2994: g++ --version >&5
g++ (Ubuntu 5.4.0-6ubuntu1~16.04.12) 5.4.0 20160609
Copyright (C) 2015 Free Software Foundation, Inc.
This is free software; see the source for copying conditions.  There is NO
warranty; not even for MERCHANTABILITY or FITNESS FOR A PARTICULAR PURPOSE.

configure:3005: $? = 0
configure:2994: g++ -v >&5
Using built-in specs.
COLLECT_GCC=g++
COLLECT_LTO_WRAPPER=/usr/lib/gcc/x86_64-linux-gnu/5/lto-wrapper
Target: x86_64-linux-gnu
Configured with: ../src/configure -v --with-pkgversion='Ubuntu 5.4.0-6ubuntu1~16.04.12' --with-bugurl=file:///usr/share/doc/gcc-5/README.Bugs --enable-languages=c,ada,c++,java,go,d,fortran,objc,obj-c++ --prefix=/usr --program-suffix=-5 --enable-shared --enable-linker-build-id --libexecdir=/usr/lib --without-included-gettext --enable-threads=posix --libdir=/usr/lib --enable-nls --with-sysroot=/ --enable-clocale=gnu --enable-libstdcxx-debug --enable-libstdcxx-time=yes --with-default-libstdcxx-abi=new --enable-gnu-unique-object --disable-vtable-verify --enable-libmpx --enable-plugin --with-system-zlib --disable-browser-plugin --enable-java-awt=gtk --enable-gtk-cairo --with-java-home=/usr/lib/jvm/java-1.5.0-gcj-5-amd64/jre --enable-java-home --with-jvm-root-dir=/usr/lib/jvm/java-1.5.0-gcj-5-amd64 --with-jvm-jar-dir=/usr/lib/jvm-exports/java-1.5.0-gcj-5-amd64 --with-arch-directory=amd64 --with-ecj-jar=/usr/share/java/eclipse-ecj.jar --enable-objc-gc --enable-multiarch --disable-werror --with-arch-32=i686 --with-abi=m64 --with-multilib-list=m32,m64,mx32 --enable-multilib --with-tune=generic --enable-checking=release --build=x86_64-linux-gnu --host=x86_64-linux-gnu --target=x86_64-linux-gnu
Thread model: posix
gcc version 5.4.0 20160609 (Ubuntu 5.4.0-6ubuntu1~16.04.12) 
configure:3005: $? = 0
configure:2994: g++ -V >&5
g++: error: unrecognized command line option '-V'
g++: fatal error: no input files
compilation terminated.
configure:3005: $? = 1
configure:2994: g++ -qversion >&5
g++: error: unrecognized command line option '-qversion'
g++: fatal error: no input files
compilation terminated.
configure:3005: $? = 1
configure:3025: checking whether the C++ compiler works
configure:3047: g++    conftest.cpp  >&5
configure:3051: $? = 0
configure:3099: result: yes
configure:3102: checking for C++ compiler default output file name
configure:3104: result: a.out
configure:3110: checking for suffix of executables
configure:3117: g++ -o conftest    conftest.cpp  >&5
configure:3121: $? = 0
configure:3143: result: 
configure:3165: checking whether we are cross compiling
configure:3173: g++ -o conftest    conftest.cpp  >&5
configure:3177: $? = 0
configure:3184: ./conftest
configure:3188: $? = 0
configure:3203: result: no
configure:3208: checking for suffix of object files
configure:3230: g++ -c   conftest.cpp >&5
configure:3234: $? = 0
configure:3255: result: o
configure:3259: checking whether we are using the GNU C++ compiler
configure:3278: g++ -c   conftest.cpp >&5
configure:3278: $? = 0
configure:3287: result: yes
configure:3296: checking whether g++ accepts -g
configure:3316: g++ -c -g  conftest.cpp >&5
configure:3316: $? = 0
configure:3357: result: yes
configure:3391: checking for style of include used by make
configure:3419: result: GNU
configure:3445: checking dependency style of g++
configure:3556: result: gcc3
configure:3619: checking for gcc
configure:3635: found /usr/bin/gcc
configure:3646: result: gcc
configure:3875: checking for C compiler version
configure:3884: gcc --version >&5
gcc (Ubuntu 5.4.0-6ubuntu1~16.04.12) 5.4.0 20160609
Copyright (C) 2015 Free Software Foundation, Inc.
This is free software; see the source for copying conditions.  There is NO
warranty; not even for MERCHANTABILITY or FITNESS FOR A PARTICULAR PURPOSE.

configure:3895: $? = 0
configure:3884: gcc -v >&5
Using built-in specs.
COLLECT_GCC=gcc
COLLECT_LTO_WRAPPER=/usr/lib/gcc/x86_64-linux-gnu/5/lto-wrapper
Target: x86_64-linux-gnu
Configured with: ../src/configure -v --with-pkgversion='Ubuntu 5.4.0-6ubuntu1~16.04.12' --with-bugurl=file:///usr/share/doc/gcc-5/README.Bugs --enable-languages=c,ada,c++,java,go,d,fortran,objc,obj-c++ --prefix=/usr --program-suffix=-5 --enable-shared --enable-linker-build-id --libexecdir=/usr/lib --without-included-gettext --enable-threads=posix --libdir=/usr/lib --enable-nls --with-sysroot=/ --enable-clocale=gnu --enable-libstdcxx-debug --enable-libstdcxx-time=yes --with-default-libstdcxx-abi=new --enable-gnu-unique-object --disable-vtable-verify --enable-libmpx --enable-plugin --with-system-zlib --disable-browser-plugin --enable-java-awt=gtk --enable-gtk-cairo --with-java-home=/usr/lib/jvm/java-1.5.0-gcj-5-amd64/jre --enable-java-home --with-jvm-root-dir=/usr/lib/jvm/java-1.5.0-gcj-5-amd64 --with-jvm-jar-dir=/usr/lib/jvm-exports/java-1.5.0-gcj-5-amd64 --with-arch-directory=amd64 --with-ecj-jar=/usr/share/java/eclipse-ecj.jar --enable-objc-gc --enable-multiarch --disable-werror --with-arch-32=i686 --with-abi=m64 --with-multilib-list=m32,m64,mx32 --enable-multilib --with-tune=generic --enable-checking=release --build=x86_64-linux-gnu --host=x86_64-linux-gnu --target=x86_64-linux-gnu
Thread model: posix
gcc version 5.4.0 20160609 (Ubuntu 5.4.0-6ubuntu1~16.04.12) 
configure:3895: $? = 0
configure:3884: gcc -V >&5
gcc: error: unrecognized command line option '-V'
gcc: fatal error: no input files
compilation terminated.
configure:3895: $? = 1
configure:3884: gcc -qversion >&5
gcc: error: unrecognized command line option '-qversion'
gcc: fatal error: no input files
compilation terminated.
configure:3895: $? = 1
configure:3899: checking whether we are using the GNU C compiler
configure:3918: gcc -c   conftest.c >&5
configure:3918: $? = 0
configure:3927: result: yes
configure:3936: checking whether gcc accepts -g
configure:3956: gcc -c -g  conftest.c >&5
configure:3956: $? = 0
configure:3997: result: yes
configure:4014: checking for gcc option to accept ISO C89
configure:4077: gcc  -c -g -O2  conftest.c >&5
configure:4077: $? = 0
configure:4090: result: none needed
configure:4112: checking dependency style of gcc
configure:4223: result: gcc3
configure:4248: checking how to run the C preprocessor
configure:4279: gcc -E  conftest.c
configure:4279: $? = 0
configure:4293: gcc -E  conftest.c
conftest.c:11:28: fatal error: ac_nonexistent.h: No such file or directory
compilation terminated.
configure:4293: $? = 1
configure: failed program was:
| /* confdefs.h */
| #define PACKAGE_NAME "robocup-setplays"
| #define PACKAGE_TARNAME "robocup-setplays"
| #define PACKAGE_VERSION "1.0"
| #define PACKAGE_STRING "robocup-setplays 1.0"
| #define PACKAGE_BUGREPORT "robocup.setplays@gmail.com"
| #define PACKAGE_URL ""
| #define PACKAGE "robocup-setplays"
| #define VERSION "1.0"
| /* end confdefs.h.  */
| #include <ac_nonexistent.h>
configure:4318: result: gcc -E
configure:4338: gcc -E  conftest.c
configure:4338: $? = 0
configure:4352: gcc -E  conftest.c
conftest.c:11:28: fatal error: ac_nonexistent.h: No such file or directory
compilation terminated.
configure:4352: $? = 1
configure: failed program was:
| /* confdefs.h */
| #define PACKAGE_NAME "robocup-setplays"
| #define PACKAGE_TARNAME "robocup-setplays"
| #define PACKAGE_VERSION "1.0"
| #define PACKAGE_STRING "robocup-setplays 1.0"
| #define PACKAGE_BUGREPORT "robocup.setplays@gmail.com"
| #define PACKAGE_URL ""
| #define PACKAGE "robocup-setplays"
| #define VERSION "1.0"
| /* end confdefs.h.  */
| #include <ac_nonexistent.h>
configure:4381: checking for grep that handles long lines and -e
configure:4439: result: /bin/grep
configure:4444: checking for egrep
configure:4506: result: /bin/grep -E
configure:4511: checking for ANSI C header files
configure:4531: gcc -c -g -O2  conftest.c >&5
configure:4531: $? = 0
configure:4604: gcc -o conftest -g -O2   conftest.c  >&5
configure:4604: $? = 0
configure:4604: ./conftest
configure:4604: $? = 0
configure:4615: result: yes
configure:4628: checking for sys/types.h
configure:4628: gcc -c -g -O2  conftest.c >&5
configure:4628: $? = 0
configure:4628: result: yes
configure:4628: checking for sys/stat.h
configure:4628: gcc -c -g -O2  conftest.c >&5
configure:4628: $? = 0
configure:4628: result: yes
configure:4628: checking for stdlib.h
configure:4628: gcc -c -g -O2  conftest.c >&5
configure:4628: $? = 0
configure:4628: result: yes
configure:4628: checking for string.h
configure:4628: gcc -c -g -O2  conftest.c >&5
configure:4628: $? = 0
configure:4628: result: yes
configure:4628: checking for memory.h
configure:4628: gcc -c -g -O2  conftest.c >&5
configure:4628: $? = 0
configure:4628: result: yes
configure:4628: checking for strings.h
configure:4628: gcc -c -g -O2  conftest.c >&5
configure:4628: $? = 0
configure:4628: result: yes
configure:4628: checking for inttypes.h
configure:4628: gcc -c -g -O2  conftest.c >&5
configure:4628: $? = 0
configure:4628: result: yes
configure:4628: checking for stdint.h
configure:4628: gcc -c -g -O2  conftest.c >&5
configure:4628: $? = 0
configure:4628: result: yes
configure:4628: checking for unistd.h
configure:4628: gcc -c -g -O2  conftest.c >&5
configure:4628: $? = 0
configure:4628: result: yes
configure:4640: checking for size_t
configure:4640: gcc -c -g -O2  conftest.c >&5
configure:4640: $? = 0
configure:4640: gcc -c -g -O2  conftest.c >&5
conftest.c: In function 'main':
conftest.c:57:21: error: expected expression before ')' token
 if (sizeof ((size_t)))
                     ^
configure:4640: $? = 1
configure: failed program was:
| /* confdefs.h */
| #define PACKAGE_NAME "robocup-setplays"
| #define PACKAGE_TARNAME "robocup-setplays"
| #define PACKAGE_VERSION "1.0"
| #define PACKAGE_STRING "robocup-setplays 1.0"
| #define PACKAGE_BUGREPORT "robocup.setplays@gmail.com"
| #define PACKAGE_URL ""
| #define PACKAGE "robocup-setplays"
| #define VERSION "1.0"
| #define STDC_HEADERS 1
| #define HAVE_SYS_TYPES_H 1
| #define HAVE_SYS_STAT_H 1
| #define HAVE_STDLIB_H 1
| #define HAVE_STRING_H 1
| #define HAVE_MEMORY_H 1
| #define HAVE_STRINGS_H 1
| #define HAVE_INTTYPES_H 1
| #define HAVE_STDINT_H 1
| #define HAVE_UNISTD_H 1
| /* end confdefs.h.  */
| #include <stdio.h>
| #ifdef HAVE_SYS_TYPES_H
| # include <sys/types.h>
| #endif
| #ifdef HAVE_SYS_STAT_H
| # include <sys/stat.h>
| #endif
| #ifdef STDC_HEADERS
| # include <stdlib.h>
| # include <stddef.h>
| #else
| # ifdef HAVE_STDLIB_H
| #  include <stdlib.h>
| # endif
| #endif
| #ifdef HAVE_STRING_H
| # if !defined STDC_HEADERS && defined HAVE_MEMORY_H
| #  include <memory.h>
| # endif
| # include <string.h>
| #endif
| #ifdef HAVE_STRINGS_H
| # include <strings.h>
| #endif
| #ifdef HAVE_INTTYPES_H
| # include <inttypes.h>
| #endif
| #ifdef HAVE_STDINT_H
| # include <stdint.h>
| #endif
| #ifdef HAVE_UNISTD_H
| # include <unistd.h>
| #endif
| int
| main ()
| {
| if (sizeof ((size_t)))
| 	    return 0;
|   ;
|   return 0;
| }
configure:4640: result: yes
configure:4653: checking for working alloca.h
configure:4670: gcc -o conftest -g -O2   conftest.c  >&5
configure:4670: $? = 0
configure:4678: result: yes
configure:4686: checking for alloca
configure:4723: gcc -o conftest -g -O2   conftest.c  >&5
configure:4723: $? = 0
configure:4731: result: yes
configure:4840: checking arpa/inet.h usability
configure:4840: gcc -c -g -O2  conftest.c >&5
configure:4840: $? = 0
configure:4840: result: yes
configure:4840: checking arpa/inet.h presence
configure:4840: gcc -E  conftest.c
configure:4840: $? = 0
configure:4840: result: yes
configure:4840: checking for arpa/inet.h
configure:4840: result: yes
configure:4840: checking fcntl.h usability
configure:4840: gcc -c -g -O2  conftest.c >&5
configure:4840: $? = 0
configure:4840: result: yes
configure:4840: checking fcntl.h presence
configure:4840: gcc -E  conftest.c
configure:4840: $? = 0
configure:4840: result: yes
configure:4840: checking for fcntl.h
configure:4840: result: yes
configure:4840: checking malloc.h usability
configure:4840: gcc -c -g -O2  conftest.c >&5
configure:4840: $? = 0
configure:4840: result: yes
configure:4840: checking malloc.h presence
configure:4840: gcc -E  conftest.c
configure:4840: $? = 0
configure:4840: result: yes
configure:4840: checking for malloc.h
configure:4840: result: yes
configure:4840: checking netdb.h usability
configure:4840: gcc -c -g -O2  conftest.c >&5
configure:4840: $? = 0
configure:4840: result: yes
configure:4840: checking netdb.h presence
configure:4840: gcc -E  conftest.c
configure:4840: $? = 0
configure:4840: result: yes
configure:4840: checking for netdb.h
configure:4840: result: yes
configure:4840: checking netinet/in.h usability
configure:4840: gcc -c -g -O2  conftest.c >&5
configure:4840: $? = 0
configure:4840: result: yes
configure:4840: checking netinet/in.h presence
configure:4840: gcc -E  conftest.c
configure:4840: $? = 0
configure:4840: result: yes
configure:4840: checking for netinet/in.h
configure:4840: result: yes
configure:4840: checking for stdlib.h
configure:4840: result: yes
configure:4840: checking for string.h
configure:4840: result: yes
configure:4840: checking for strings.h
configure:4840: result: yes
configure:4840: checking sys/ioctl.h usability
configure:4840: gcc -c -g -O2  conftest.c >&5
configure:4840: $? = 0
configure:4840: result: yes
configure:4840: checking sys/ioctl.h presence
configure:4840: gcc -E  conftest.c
configure:4840: $? = 0
configure:4840: result: yes
configure:4840: checking for sys/ioctl.h
configure:4840: result: yes
configure:4840: checking sys/param.h usability
configure:4840: gcc -c -g -O2  conftest.c >&5
configure:4840: $? = 0
configure:4840: result: yes
configure:4840: checking sys/param.h presence
configure:4840: gcc -E  conftest.c
configure:4840: $? = 0
configure:4840: result: yes
configure:4840: checking for sys/param.h
configure:4840: result: yes
configure:4840: checking sys/socket.h usability
configure:4840: gcc -c -g -O2  conftest.c >&5
configure:4840: $? = 0
configure:4840: result: yes
configure:4840: checking sys/socket.h presence
configure:4840: gcc -E  conftest.c
configure:4840: $? = 0
configure:4840: result: yes
configure:4840: checking for sys/socket.h
configure:4840: result: yes
configure:4840: checking sys/time.h usability
configure:4840: gcc -c -g -O2  conftest.c >&5
configure:4840: $? = 0
configure:4840: result: yes
configure:4840: checking sys/time.h presence
configure:4840: gcc -E  conftest.c
configure:4840: $? = 0
configure:4840: result: yes
configure:4840: checking for sys/time.h
configure:4840: result: yes
configure:4840: checking for unistd.h
configure:4840: result: yes
configure:4902: checking for boostlib >= 1.32.0
configure:4971: g++ -c -g -O2  -I/usr/include conftest.cpp >&5
configure:4971: $? = 0
configure:4973: result: yes
configure:5124: checking for inline
configure:5140: gcc -c -g -O2  -I/usr/include conftest.c >&5
configure:5140: $? = 0
configure:5148: result: inline
configure:5166: checking for size_t
configure:5166: result: yes
configure:5179: checking for pid_t
configure:5179: gcc -c -g -O2  -I/usr/include conftest.c >&5
configure:5179: $? = 0
configure:5179: gcc -c -g -O2  -I/usr/include conftest.c >&5
conftest.c: In function 'main':
conftest.c:73:20: error: expected expression before ')' token
 if (sizeof ((pid_t)))
                    ^
configure:5179: $? = 1
configure: failed program was:
| /* confdefs.h */
| #define PACKAGE_NAME "robocup-setplays"
| #define PACKAGE_TARNAME "robocup-setplays"
| #define PACKAGE_VERSION "1.0"
| #define PACKAGE_STRING "robocup-setplays 1.0"
| #define PACKAGE_BUGREPORT "robocup.setplays@gmail.com"
| #define PACKAGE_URL ""
| #define PACKAGE "robocup-setplays"
| #define VERSION "1.0"
| #define STDC_HEADERS 1
| #define HAVE_SYS_TYPES_H 1
| #define HAVE_SYS_STAT_H 1
| #define HAVE_STDLIB_H 1
| #define HAVE_STRING_H 1
| #define HAVE_MEMORY_H 1
| #define HAVE_STRINGS_H 1
| #define HAVE_INTTYPES_H 1
| #define HAVE_STDINT_H 1
| #define HAVE_UNISTD_H 1
| #define HAVE_ALLOCA_H 1
| #define HAVE_ALLOCA 1
| #define HAVE_ARPA_INET_H 1
| #define HAVE_FCNTL_H 1
| #define HAVE_MALLOC_H 1
| #define HAVE_NETDB_H 1
| #define HAVE_NETINET_IN_H 1
| #define HAVE_STDLIB_H 1
| #define HAVE_STRING_H 1
| #define HAVE_STRINGS_H 1
| #define HAVE_SYS_IOCTL_H 1
| #define HAVE_SYS_PARAM_H 1
| #define HAVE_SYS_SOCKET_H 1
| #define HAVE_SYS_TIME_H 1
| #define HAVE_UNISTD_H 1
| #define HAVE_BOOST /**/
| /* end confdefs.h.  */
| #include <stdio.h>
| #ifdef HAVE_SYS_TYPES_H
| # include <sys/types.h>
| #endif
| #ifdef HAVE_SYS_STAT_H
| # include <sys/stat.h>
| #endif
| #ifdef STDC_HEADERS
| # include <stdlib.h>
| # include <stddef.h>
| #else
| # ifdef HAVE_STDLIB_H
| #  include <stdlib.h>
| # endif
| #endif
| #ifdef HAVE_STRING_H
| # if !defined STDC_HEADERS && defined HAVE_MEMORY_H
| #  include <memory.h>
| # endif
| # include <string.h>
| #endif
| #ifdef HAVE_STRINGS_H
| # include <strings.h>
| #endif
| #ifdef HAVE_INTTYPES_H
| # include <inttypes.h>
| #endif
| #ifdef HAVE_STDINT_H
| # include <stdint.h>
| #endif
| #ifdef HAVE_UNISTD_H
| # include <unistd.h>
| #endif
| int
| main ()
| {
| if (sizeof ((pid_t)))
| 	    return 0;
|   ;
|   return 0;
| }
configure:5179: result: yes
configure:5192: checking vfork.h usability
configure:5192: gcc -c -g -O2  -I/usr/include conftest.c >&5
conftest.c:70:19: fatal error: vfork.h: No such file or directory
compilation terminated.
configure:5192: $? = 1
configure: failed program was:
| /* confdefs.h */
| #define PACKAGE_NAME "robocup-setplays"
| #define PACKAGE_TARNAME "robocup-setplays"
| #define PACKAGE_VERSION "1.0"
| #define PACKAGE_STRING "robocup-setplays 1.0"
| #define PACKAGE_BUGREPORT "robocup.setplays@gmail.com"
| #define PACKAGE_URL ""
| #define PACKAGE "robocup-setplays"
| #define VERSION "1.0"
| #define STDC_HEADERS 1
| #define HAVE_SYS_TYPES_H 1
| #define HAVE_SYS_STAT_H 1
| #define HAVE_STDLIB_H 1
| #define HAVE_STRING_H 1
| #define HAVE_MEMORY_H 1
| #define HAVE_STRINGS_H 1
| #define HAVE_INTTYPES_H 1
| #define HAVE_STDINT_H 1
| #define HAVE_UNISTD_H 1
| #define HAVE_ALLOCA_H 1
| #define HAVE_ALLOCA 1
| #define HAVE_ARPA_INET_H 1
| #define HAVE_FCNTL_H 1
| #define HAVE_MALLOC_H 1
| #define HAVE_NETDB_H 1
| #define HAVE_NETINET_IN_H 1
| #define HAVE_STDLIB_H 1
| #define HAVE_STRING_H 1
| #define HAVE_STRINGS_H 1
| #define HAVE_SYS_IOCTL_H 1
| #define HAVE_SYS_PARAM_H 1
| #define HAVE_SYS_SOCKET_H 1
| #define HAVE_SYS_TIME_H 1
| #define HAVE_UNISTD_H 1
| #define HAVE_BOOST /**/
| /* end confdefs.h.  */
| #include <stdio.h>
| #ifdef HAVE_SYS_TYPES_H
| # include <sys/types.h>
| #endif
| #ifdef HAVE_SYS_STAT_H
| # include <sys/stat.h>
| #endif
| #ifdef STDC_HEADERS
| # include <stdlib.h>
| # include <stddef.h>
| #else
| # ifdef HAVE_STDLIB_H
| #  include <stdlib.h>
| # endif
| #endif
| #ifdef HAVE_STRING_H
| # if !defined STDC_HEADERS && defined HAVE_MEMORY_H
| #  include <memory.h>
| # endif
| # include <string.h>
| #endif
| #ifdef HAVE_STRINGS_H
| # include <strings.h>
| #endif
| #ifdef HAVE_INTTYPES_H
| # include <inttypes.h>
| #endif
| #ifdef HAVE_STDINT_H
| # include <stdint.h>
| #endif
| #ifdef HAVE_UNISTD_H
| # include <unistd.h>
| #endif
| #include <vfork.h>
configure:5192: result: no
configure:5192: checking vfork.h presence
configure:5192: gcc -E  -I/usr/include conftest.c
conftest.c:37:19: fatal error: vfork.h: No such file or directory
compilation terminated.
configure:5192: $? = 1
configure: failed program was:
| /* confdefs.h */
| #define PACKAGE_NAME "robocup-setplays"
| #define PACKAGE_TARNAME "robocup-setplays"
| #define PACKAGE_VERSION "1.0"
| #define PACKAGE_STRING "robocup-setplays 1.0"
| #define PACKAGE_BUGREPORT "robocup.setplays@gmail.com"
| #define PACKAGE_URL ""
| #define PACKAGE "robocup-setplays"
| #define VERSION "1.0"
| #define STDC_HEADERS 1
| #define HAVE_SYS_TYPES_H 1
| #define HAVE_SYS_STAT_H 1
| #define HAVE_STDLIB_H 1
| #define HAVE_STRING_H 1
| #define HAVE_MEMORY_H 1
| #define HAVE_STRINGS_H 1
| #define HAVE_INTTYPES_H 1
| #define HAVE_STDINT_H 1
| #define HAVE_UNISTD_H 1
| #define HAVE_ALLOCA_H 1
| #define HAVE_ALLOCA 1
| #define HAVE_ARPA_INET_H 1
| #define HAVE_FCNTL_H 1
| #define HAVE_MALLOC_H 1
| #define HAVE_NETDB_H 1
| #define HAVE_NETINET_IN_H 1
| #define HAVE_STDLIB_H 1
| #define HAVE_STRING_H 1
| #define HAVE_STRINGS_H 1
| #define HAVE_SYS_IOCTL_H 1
| #define HAVE_SYS_PARAM_H 1
| #define HAVE_SYS_SOCKET_H 1
| #define HAVE_SYS_TIME_H 1
| #define HAVE_UNISTD_H 1
| #define HAVE_BOOST /**/
| /* end confdefs.h.  */
| #include <vfork.h>
configure:5192: result: no
configure:5192: checking for vfork.h
configure:5192: result: no
configure:5205: checking for fork
configure:5205: gcc -o conftest -g -O2  -I/usr/include  -L/usr/lib64 conftest.c  >&5
conftest.c:60:6: warning: conflicting types for built-in function 'fork'
 char fork ();
      ^
configure:5205: $? = 0
configure:5205: result: yes
configure:5205: checking for vfork
configure:5205: gcc -o conftest -g -O2  -I/usr/include  -L/usr/lib64 conftest.c  >&5
configure:5205: $? = 0
configure:5205: result: yes
configure:5215: checking for working fork
configure:5237: gcc -o conftest -g -O2  -I/usr/include  -L/usr/lib64 conftest.c  >&5
configure:5237: $? = 0
configure:5237: ./conftest
configure:5237: $? = 0
configure:5247: result: yes
configure:5268: checking for working vfork
configure:5378: result: yes
configure:5405: checking for stdlib.h
configure:5405: result: yes
configure:5415: checking for GNU libc compatible malloc
configure:5439: gcc -o conftest -g -O2  -I/usr/include  -L/usr/lib64 conftest.c  >&5
configure:5439: $? = 0
configure:5439: ./conftest
configure:5439: $? = 0
configure:5449: result: yes
configure:5472: checking for stdlib.h
configure:5472: result: yes
configure:5482: checking for GNU libc compatible realloc
configure:5506: gcc -o conftest -g -O2  -I/usr/include  -L/usr/lib64 conftest.c  >&5
configure:5506: $? = 0
configure:5506: ./conftest
configure:5506: $? = 0
configure:5516: result: yes
configure:5540: checking for floor
configure:5540: gcc -o conftest -g -O2  -I/usr/include  -L/usr/lib64 conftest.c  >&5
conftest.c:68:6: warning: conflicting types for built-in function 'floor'
 char floor ();
      ^
/tmp/ccxaof2S.o: In function `main':
/home/raunis/splanner/libs/libsetplay/conftest.c:79: undefined reference to `floor'
collect2: error: ld returned 1 exit status
configure:5540: $? = 1
configure: failed program was:
| /* confdefs.h */
| #define PACKAGE_NAME "robocup-setplays"
| #define PACKAGE_TARNAME "robocup-setplays"
| #define PACKAGE_VERSION "1.0"
| #define PACKAGE_STRING "robocup-setplays 1.0"
| #define PACKAGE_BUGREPORT "robocup.setplays@gmail.com"
| #define PACKAGE_URL ""
| #define PACKAGE "robocup-setplays"
| #define VERSION "1.0"
| #define STDC_HEADERS 1
| #define HAVE_SYS_TYPES_H 1
| #define HAVE_SYS_STAT_H 1
| #define HAVE_STDLIB_H 1
| #define HAVE_STRING_H 1
| #define HAVE_MEMORY_H 1
| #define HAVE_STRINGS_H 1
| #define HAVE_INTTYPES_H 1
| #define HAVE_STDINT_H 1
| #define HAVE_UNISTD_H 1
| #define HAVE_ALLOCA_H 1
| #define HAVE_ALLOCA 1
| #define HAVE_ARPA_INET_H 1
| #define HAVE_FCNTL_H 1
| #define HAVE_MALLOC_H 1
| #define HAVE_NETDB_H 1
| #define HAVE_NETINET_IN_H 1
| #define HAVE_STDLIB_H 1
| #define HAVE_STRING_H 1
| #define HAVE_STRINGS_H 1
| #define HAVE_SYS_IOCTL_H 1
| #define HAVE_SYS_PARAM_H 1
| #define HAVE_SYS_SOCKET_H 1
| #define HAVE_SYS_TIME_H 1
| #define HAVE_UNISTD_H 1
| #define HAVE_BOOST /**/
| #define HAVE_FORK 1
| #define HAVE_VFORK 1
| #define HAVE_WORKING_VFORK 1
| #define HAVE_WORKING_FORK 1
| #define HAVE_STDLIB_H 1
| #define HAVE_MALLOC 1
| #define HAVE_STDLIB_H 1
| #define HAVE_REALLOC 1
| /* end confdefs.h.  */
| /* Define floor to an innocuous variant, in case <limits.h> declares floor.
|    For example, HP-UX 11i <limits.h> declares gettimeofday.  */
| #define floor innocuous_floor
| 
| /* System header to define __stub macros and hopefully few prototypes,
|     which can conflict with char floor (); below.
|     Prefer <limits.h> to <assert.h> if __STDC__ is defined, since
|     <limits.h> exists even on freestanding compilers.  */
| 
| #ifdef __STDC__
| # include <limits.h>
| #else
| # include <assert.h>
| #endif
| 
| #undef floor
| 
| /* Override any GCC internal prototype to avoid an error.
|    Use char because int might match the return type of a GCC
|    builtin and then its argument prototype would still apply.  */
| #ifdef __cplusplus
| extern "C"
| #endif
| char floor ();
| /* The GNU C library defines this for functions which it implements
|     to always fail with ENOSYS.  Some functions are actually named
|     something starting with __ and the normal name is an alias.  */
| #if defined __stub_floor || defined __stub___floor
| choke me
| #endif
| 
| int
| main ()
| {
| return floor ();
|   ;
|   return 0;
| }
configure:5540: result: no
configure:5540: checking for gettimeofday
configure:5540: gcc -o conftest -g -O2  -I/usr/include  -L/usr/lib64 conftest.c  >&5
configure:5540: $? = 0
configure:5540: result: yes
configure:5540: checking for memset
configure:5540: gcc -o conftest -g -O2  -I/usr/include  -L/usr/lib64 conftest.c  >&5
conftest.c:69:6: warning: conflicting types for built-in function 'memset'
 char memset ();
      ^
configure:5540: $? = 0
configure:5540: result: yes
configure:5540: checking for mkdir
configure:5540: gcc -o conftest -g -O2  -I/usr/include  -L/usr/lib64 conftest.c  >&5
configure:5540: $? = 0
configure:5540: result: yes
configure:5540: checking for pow
configure:5540: gcc -o conftest -g -O2  -I/usr/include  -L/usr/lib64 conftest.c  >&5
conftest.c:71:6: warning: conflicting types for built-in function 'pow'
 char pow ();
      ^
/tmp/ccRqBS6A.o: In function `main':
/home/raunis/splanner/libs/libsetplay/conftest.c:82: undefined reference to `pow'
collect2: error: ld returned 1 exit status
configure:5540: $? = 1
configure: failed program was:
| /* confdefs.h */
| #define PACKAGE_NAME "robocup-setplays"
| #define PACKAGE_TARNAME "robocup-setplays"
| #define PACKAGE_VERSION "1.0"
| #define PACKAGE_STRING "robocup-setplays 1.0"
| #define PACKAGE_BUGREPORT "robocup.setplays@gmail.com"
| #define PACKAGE_URL ""
| #define PACKAGE "robocup-setplays"
| #define VERSION "1.0"
| #define STDC_HEADERS 1
| #define HAVE_SYS_TYPES_H 1
| #define HAVE_SYS_STAT_H 1
| #define HAVE_STDLIB_H 1
| #define HAVE_STRING_H 1
| #define HAVE_MEMORY_H 1
| #define HAVE_STRINGS_H 1
| #define HAVE_INTTYPES_H 1
| #define HAVE_STDINT_H 1
| #define HAVE_UNISTD_H 1
| #define HAVE_ALLOCA_H 1
| #define HAVE_ALLOCA 1
| #define HAVE_ARPA_INET_H 1
| #define HAVE_FCNTL_H 1
| #define HAVE_MALLOC_H 1
| #define HAVE_NETDB_H 1
| #define HAVE_NETINET_IN_H 1
| #define HAVE_STDLIB_H 1
| #define HAVE_STRING_H 1
| #define HAVE_STRINGS_H 1
| #define HAVE_SYS_IOCTL_H 1
| #define HAVE_SYS_PARAM_H 1
| #define HAVE_SYS_SOCKET_H 1
| #define HAVE_SYS_TIME_H 1
| #define HAVE_UNISTD_H 1
| #define HAVE_BOOST /**/
| #define HAVE_FORK 1
| #define HAVE_VFORK 1
| #define HAVE_WORKING_VFORK 1
| #define HAVE_WORKING_FORK 1
| #define HAVE_STDLIB_H 1
| #define HAVE_MALLOC 1
| #define HAVE_STDLIB_H 1
| #define HAVE_REALLOC 1
| #define HAVE_GETTIMEOFDAY 1
| #define HAVE_MEMSET 1
| #define HAVE_MKDIR 1
| /* end confdefs.h.  */
| /* Define pow to an innocuous variant, in case <limits.h> declares pow.
|    For example, HP-UX 11i <limits.h> declares gettimeofday.  */
| #define pow innocuous_pow
| 
| /* System header to define __stub macros and hopefully few prototypes,
|     which can conflict with char pow (); below.
|     Prefer <limits.h> to <assert.h> if __STDC__ is defined, since
|     <limits.h> exists even on freestanding compilers.  */
| 
| #ifdef __STDC__
| # include <limits.h>
| #else
| # include <assert.h>
| #endif
| 
| #undef pow
| 
| /* Override any GCC internal prototype to avoid an error.
|    Use char because int might match the return type of a GCC
|    builtin and then its argument prototype would still apply.  */
| #ifdef __cplusplus
| extern "C"
| #endif
| char pow ();
| /* The GNU C library defines this for functions which it implements
|     to always fail with ENOSYS.  Some functions are actually named
|     something starting with __ and the normal name is an alias.  */
| #if defined __stub_pow || defined __stub___pow
| choke me
| #endif
| 
| int
| main ()
| {
| return pow ();
|   ;
|   return 0;
| }
configure:5540: result: no
configure:5540: checking for rint
configure:5540: gcc -o conftest -g -O2  -I/usr/include  -L/usr/lib64 conftest.c  >&5
conftest.c:71:6: warning: conflicting types for built-in function 'rint'
 char rint ();
      ^
/tmp/ccjGLNmD.o: In function `main':
/home/raunis/splanner/libs/libsetplay/conftest.c:82: undefined reference to `rint'
collect2: error: ld returned 1 exit status
configure:5540: $? = 1
configure: failed program was:
| /* confdefs.h */
| #define PACKAGE_NAME "robocup-setplays"
| #define PACKAGE_TARNAME "robocup-setplays"
| #define PACKAGE_VERSION "1.0"
| #define PACKAGE_STRING "robocup-setplays 1.0"
| #define PACKAGE_BUGREPORT "robocup.setplays@gmail.com"
| #define PACKAGE_URL ""
| #define PACKAGE "robocup-setplays"
| #define VERSION "1.0"
| #define STDC_HEADERS 1
| #define HAVE_SYS_TYPES_H 1
| #define HAVE_SYS_STAT_H 1
| #define HAVE_STDLIB_H 1
| #define HAVE_STRING_H 1
| #define HAVE_MEMORY_H 1
| #define HAVE_STRINGS_H 1
| #define HAVE_INTTYPES_H 1
| #define HAVE_STDINT_H 1
| #define HAVE_UNISTD_H 1
| #define HAVE_ALLOCA_H 1
| #define HAVE_ALLOCA 1
| #define HAVE_ARPA_INET_H 1
| #define HAVE_FCNTL_H 1
| #define HAVE_MALLOC_H 1
| #define HAVE_NETDB_H 1
| #define HAVE_NETINET_IN_H 1
| #define HAVE_STDLIB_H 1
| #define HAVE_STRING_H 1
| #define HAVE_STRINGS_H 1
| #define HAVE_SYS_IOCTL_H 1
| #define HAVE_SYS_PARAM_H 1
| #define HAVE_SYS_SOCKET_H 1
| #define HAVE_SYS_TIME_H 1
| #define HAVE_UNISTD_H 1
| #define HAVE_BOOST /**/
| #define HAVE_FORK 1
| #define HAVE_VFORK 1
| #define HAVE_WORKING_VFORK 1
| #define HAVE_WORKING_FORK 1
| #define HAVE_STDLIB_H 1
| #define HAVE_MALLOC 1
| #define HAVE_STDLIB_H 1
| #define HAVE_REALLOC 1
| #define HAVE_GETTIMEOFDAY 1
| #define HAVE_MEMSET 1
| #define HAVE_MKDIR 1
| /* end confdefs.h.  */
| /* Define rint to an innocuous variant, in case <limits.h> declares rint.
|    For example, HP-UX 11i <limits.h> declares gettimeofday.  */
| #define rint innocuous_rint
| 
| /* System header to define __stub macros and hopefully few prototypes,
|     which can conflict with char rint (); below.
|     Prefer <limits.h> to <assert.h> if __STDC__ is defined, since
|     <limits.h> exists even on freestanding compilers.  */
| 
| #ifdef __STDC__
| # include <limits.h>
| #else
| # include <assert.h>
| #endif
| 
| #undef rint
| 
| /* Override any GCC internal prototype to avoid an error.
|    Use char because int might match the return type of a GCC
|    builtin and then its argument prototype would still apply.  */
| #ifdef __cplusplus
| extern "C"
| #endif
| char rint ();
| /* The GNU C library defines this for functions which it implements
|     to always fail with ENOSYS.  Some functions are actually named
|     something starting with __ and the normal name is an alias.  */
| #if defined __stub_rint || defined __stub___rint
| choke me
| #endif
| 
| int
| main ()
| {
| return rint ();
|   ;
|   return 0;
| }
configure:5540: result: no
configure:5540: checking for sqrt
configure:5540: gcc -o conftest -g -O2  -I/usr/include  -L/usr/lib64 conftest.c  >&5
conftest.c:71:6: warning: conflicting types for built-in function 'sqrt'
 char sqrt ();
      ^
/tmp/cc9SAs1L.o: In function `main':
/home/raunis/splanner/libs/libsetplay/conftest.c:82: undefined reference to `sqrt'
collect2: error: ld returned 1 exit status
configure:5540: $? = 1
configure: failed program was:
| /* confdefs.h */
| #define PACKAGE_NAME "robocup-setplays"
| #define PACKAGE_TARNAME "robocup-setplays"
| #define PACKAGE_VERSION "1.0"
| #define PACKAGE_STRING "robocup-setplays 1.0"
| #define PACKAGE_BUGREPORT "robocup.setplays@gmail.com"
| #define PACKAGE_URL ""
| #define PACKAGE "robocup-setplays"
| #define VERSION "1.0"
| #define STDC_HEADERS 1
| #define HAVE_SYS_TYPES_H 1
| #define HAVE_SYS_STAT_H 1
| #define HAVE_STDLIB_H 1
| #define HAVE_STRING_H 1
| #define HAVE_MEMORY_H 1
| #define HAVE_STRINGS_H 1
| #define HAVE_INTTYPES_H 1
| #define HAVE_STDINT_H 1
| #define HAVE_UNISTD_H 1
| #define HAVE_ALLOCA_H 1
| #define HAVE_ALLOCA 1
| #define HAVE_ARPA_INET_H 1
| #define HAVE_FCNTL_H 1
| #define HAVE_MALLOC_H 1
| #define HAVE_NETDB_H 1
| #define HAVE_NETINET_IN_H 1
| #define HAVE_STDLIB_H 1
| #define HAVE_STRING_H 1
| #define HAVE_STRINGS_H 1
| #define HAVE_SYS_IOCTL_H 1
| #define HAVE_SYS_PARAM_H 1
| #define HAVE_SYS_SOCKET_H 1
| #define HAVE_SYS_TIME_H 1
| #define HAVE_UNISTD_H 1
| #define HAVE_BOOST /**/
| #define HAVE_FORK 1
| #define HAVE_VFORK 1
| #define HAVE_WORKING_VFORK 1
| #define HAVE_WORKING_FORK 1
| #define HAVE_STDLIB_H 1
| #define HAVE_MALLOC 1
| #define HAVE_STDLIB_H 1
| #define HAVE_REALLOC 1
| #define HAVE_GETTIMEOFDAY 1
| #define HAVE_MEMSET 1
| #define HAVE_MKDIR 1
| /* end confdefs.h.  */
| /* Define sqrt to an innocuous variant, in case <limits.h> declares sqrt.
|    For example, HP-UX 11i <limits.h> declares gettimeofday.  */
| #define sqrt innocuous_sqrt
| 
| /* System header to define __stub macros and hopefully few prototypes,
|     which can conflict with char sqrt (); below.
|     Prefer <limits.h> to <assert.h> if __STDC__ is defined, since
|     <limits.h> exists even on freestanding compilers.  */
| 
| #ifdef __STDC__
| # include <limits.h>
| #else
| # include <assert.h>
| #endif
| 
| #undef sqrt
| 
| /* Override any GCC internal prototype to avoid an error.
|    Use char because int might match the return type of a GCC
|    builtin and then its argument prototype would still apply.  */
| #ifdef __cplusplus
| extern "C"
| #endif
| char sqrt ();
| /* The GNU C library defines this for functions which it implements
|     to always fail with ENOSYS.  Some functions are actually named
|     something starting with __ and the normal name is an alias.  */
| #if defined __stub_sqrt || defined __stub___sqrt
| choke me
| #endif
| 
| int
| main ()
| {
| return sqrt ();
|   ;
|   return 0;
| }
configure:5540: result: no
configure:5540: checking for strdup
configure:5540: gcc -o conftest -g -O2  -I/usr/include  -L/usr/lib64 conftest.c  >&5
conftest.c:71:6: warning: conflicting types for built-in function 'strdup'
 char strdup ();
      ^
configure:5540: $? = 0
configure:5540: result: yes
configure:5540: checking for strerror
configure:5540: gcc -o conftest -g -O2  -I/usr/include  -L/usr/lib64 conftest.c  >&5
configure:5540: $? = 0
configure:5540: result: yes
configure:5686: creating ./config.status

## ---------------------- ##
## Running config.status. ##
## ---------------------- ##

This file was extended by robocup-setplays config.status 1.0, which was
generated by GNU Autoconf 2.69.  Invocation command line was

  CONFIG_FILES    = 
  CONFIG_HEADERS  = 
  CONFIG_LINKS    = 
  CONFIG_COMMANDS = 
  $ ./config.status 

on raunis-laptop

config.status:888: creating Makefile
config.status:888: creating config.h
config.status:1069: config.h is unchanged
config.status:1117: executing depfiles commands

## ---------------- ##
## Cache variables. ##
## ---------------- ##

ac_cv_c_compiler_gnu=yes
ac_cv_c_inline=inline
ac_cv_cxx_compiler_gnu=yes
ac_cv_env_CCC_set=
ac_cv_env_CCC_value=
ac_cv_env_CC_set=
ac_cv_env_CC_value=
ac_cv_env_CFLAGS_set=
ac_cv_env_CFLAGS_value=
ac_cv_env_CPPFLAGS_set=
ac_cv_env_CPPFLAGS_value=
ac_cv_env_CPP_set=
ac_cv_env_CPP_value=
ac_cv_env_CXXFLAGS_set=
ac_cv_env_CXXFLAGS_value=
ac_cv_env_CXX_set=
ac_cv_env_CXX_value=
ac_cv_env_LDFLAGS_set=
ac_cv_env_LDFLAGS_value=
ac_cv_env_LIBS_set=
ac_cv_env_LIBS_value=
ac_cv_env_build_alias_set=
ac_cv_env_build_alias_value=
ac_cv_env_host_alias_set=
ac_cv_env_host_alias_value=
ac_cv_env_target_alias_set=
ac_cv_env_target_alias_value=
ac_cv_func_alloca_works=yes
ac_cv_func_floor=no
ac_cv_func_fork=yes
ac_cv_func_fork_works=yes
ac_cv_func_gettimeofday=yes
ac_cv_func_malloc_0_nonnull=yes
ac_cv_func_memset=yes
ac_cv_func_mkdir=yes
ac_cv_func_pow=no
ac_cv_func_realloc_0_nonnull=yes
ac_cv_func_rint=no
ac_cv_func_sqrt=no
ac_cv_func_strdup=yes
ac_cv_func_strerror=yes
ac_cv_func_vfork=yes
ac_cv_func_vfork_works=yes
ac_cv_header_arpa_inet_h=yes
ac_cv_header_fcntl_h=yes
ac_cv_header_inttypes_h=yes
ac_cv_header_malloc_h=yes
ac_cv_header_memory_h=yes
ac_cv_header_netdb_h=yes
ac_cv_header_netinet_in_h=yes
ac_cv_header_stdc=yes
ac_cv_header_stdint_h=yes
ac_cv_header_stdlib_h=yes
ac_cv_header_string_h=yes
ac_cv_header_strings_h=yes
ac_cv_header_sys_ioctl_h=yes
ac_cv_header_sys_param_h=yes
ac_cv_header_sys_socket_h=yes
ac_cv_header_sys_stat_h=yes
ac_cv_header_sys_time_h=yes
ac_cv_header_sys_types_h=yes
ac_cv_header_unistd_h=yes
ac_cv_header_vfork_h=no
ac_cv_objext=o
ac_cv_path_EGREP='/bin/grep -E'
ac_cv_path_GREP=/bin/grep
ac_cv_path_install='/usr/bin/install -c'
ac_cv_path_mkdir=/bin/mkdir
ac_cv_prog_AWK=gawk
ac_cv_prog_CPP='gcc -E'
ac_cv_prog_ac_ct_CC=gcc
ac_cv_prog_ac_ct_CXX=g++
ac_cv_prog_ac_ct_RANLIB=ranlib
ac_cv_prog_cc_c89=
ac_cv_prog_cc_g=yes
ac_cv_prog_cxx_g=yes
ac_cv_prog_make_make_set=yes
ac_cv_type_pid_t=yes
ac_cv_type_size_t=yes
ac_cv_working_alloca_h=yes
am_cv_CC_dependencies_compiler_type=gcc3
am_cv_CXX_dependencies_compiler_type=gcc3

## ----------------- ##
## Output variables. ##
## ----------------- ##

ACLOCAL='${SHELL} /home/raunis/splanner/libs/libsetplay/missing --run aclocal-1.11'
ALLOCA=''
AMDEPBACKSLASH='\'
AMDEP_FALSE='#'
AMDEP_TRUE=''
AMTAR='$${TAR-tar}'
AUTOCONF='${SHELL} /home/raunis/splanner/libs/libsetplay/missing --run autoconf'
AUTOHEADER='${SHELL} /home/raunis/splanner/libs/libsetplay/missing --run autoheader'
AUTOMAKE='${SHELL} /home/raunis/splanner/libs/libsetplay/missing --run automake-1.11'
AWK='gawk'
BOOST_CPPFLAGS='-I/usr/include'
BOOST_LDFLAGS='-L/usr/lib64'
CC='gcc'
CCDEPMODE='depmode=gcc3'
CFLAGS='-g -O2'
CPP='gcc -E'
CPPFLAGS=' -I/usr/include'
CXX='g++'
CXXDEPMODE='depmode=gcc3'
CXXFLAGS='-g -O2'
CYGPATH_W='echo'
DEFS='-DHAVE_CONFIG_H'
DEPDIR='.deps'
ECHO_C=''
ECHO_N='-n'
ECHO_T=''
EGREP='/bin/grep -E'
EXEEXT=''
GREP='/bin/grep'
INSTALL_DATA='${INSTALL} -m 644'
INSTALL_PROGRAM='${INSTALL}'
INSTALL_SCRIPT='${INSTALL}'
INSTALL_STRIP_PROGRAM='$(install_sh) -c -s'
LDFLAGS=' -L/usr/lib64'
LIBOBJS=''
LIBS=''
LTLIBOBJS=''
MAKEINFO='${SHELL} /home/raunis/splanner/libs/libsetplay/missing --run makeinfo'
MKDIR_P='/bin/mkdir -p'
OBJEXT='o'
PACKAGE='robocup-setplays'
PACKAGE_BUGREPORT='robocup.setplays@gmail.com'
PACKAGE_NAME='robocup-setplays'
PACKAGE_STRING='robocup-setplays 1.0'
PACKAGE_TARNAME='robocup-setplays'
PACKAGE_URL=''
PACKAGE_VERSION='1.0'
PATH_SEPARATOR=':'
RANLIB='ranlib'
SET_MAKE=''
SHELL='/bin/bash'
STRIP=''
VERSION='1.0'
ac_ct_CC='gcc'
ac_ct_CXX='g++'
am__EXEEXT_FALSE=''
am__EXEEXT_TRUE='#'
am__fastdepCC_FALSE='#'
am__fastdepCC_TRUE=''
am__fastdepCXX_FALSE='#'
am__fastdepCXX_TRUE=''
am__include='include'
am__isrc=''
am__leading_dot='.'
am__nodep='_no'
am__quote=''
am__tar='$${TAR-tar} chof - "$$tardir"'
am__untar='$${TAR-tar} xf -'
bindir='${exec_prefix}/bin'
build_alias=''
datadir='${datarootdir}'
datarootdir='${prefix}/share'
docdir='${datarootdir}/doc/${PACKAGE_TARNAME}'
dvidir='${docdir}'
exec_prefix='${prefix}'
host_alias=''
htmldir='${docdir}'
includedir='${prefix}/include'
infodir='${datarootdir}/info'
install_sh='${SHELL} /home/raunis/splanner/libs/libsetplay/install-sh'
libdir='${exec_prefix}/lib'
libexecdir='${exec_prefix}/libexec'
localedir='${datarootdir}/locale'
localstatedir='${prefix}/var'
mandir='${datarootdir}/man'
mkdir_p='/bin/mkdir -p'
oldincludedir='/usr/include'
pdfdir='${docdir}'
prefix='/usr/local'
program_transform_name='s,x,x,'
psdir='${docdir}'
runstatedir='${localstatedir}/run'
sbindir='${exec_prefix}/sbin'
sharedstatedir='${prefix}/com'
sysconfdir='${prefix}/etc'
target_alias=''

## ----------- ##
## confdefs.h. ##
## ----------- ##

/* confdefs.h */
#define PACKAGE_NAME "robocup-setplays"
#define PACKAGE_TARNAME "robocup-setplays"
#define PACKAGE_VERSION "1.0"
#define PACKAGE_STRING "robocup-setplays 1.0"
#define PACKAGE_BUGREPORT "robocup.setplays@gmail.com"
#define PACKAGE_URL ""
#define PACKAGE "robocup-setplays"
#define VERSION "1.0"
#define STDC_HEADERS 1
#define HAVE_SYS_TYPES_H 1
#define HAVE_SYS_STAT_H 1
#define HAVE_STDLIB_H 1
#define HAVE_STRING_H 1
#define HAVE_MEMORY_H 1
#define HAVE_STRINGS_H 1
#define HAVE_INTTYPES_H 1
#define HAVE_STDINT_H 1
#define HAVE_UNISTD_H 1
#define HAVE_ALLOCA_H 1
#define HAVE_ALLOCA 1
#define HAVE_ARPA_INET_H 1
#define HAVE_FCNTL_H 1
#define HAVE_MALLOC_H 1
#define HAVE_NETDB_H 1
#define HAVE_NETINET_IN_H 1
#define HAVE_STDLIB_H 1
#define HAVE_STRING_H 1
#define HAVE_STRINGS_H 1
#define HAVE_SYS_IOCTL_H 1
#define HAVE_SYS_PARAM_H 1
#define HAVE_SYS_SOCKET_H 1
#define HAVE_SYS_TIME_H 1
#define HAVE_UNISTD_H 1
#define HAVE_BOOST /**/
#define HAVE_FORK 1
#define HAVE_VFORK 1
#define HAVE_WORKING_VFORK 1
#define HAVE_WORKING_FORK 1
#define HAVE_STDLIB_H 1
#define HAVE_MALLOC 1
#define HAVE_STDLIB_H 1
#define HAVE_REALLOC 1
#define HAVE_GETTIMEOFDAY 1
#define HAVE_MEMSET 1
#define HAVE_MKDIR 1
#define HAVE_STRDUP 1
#define HAVE_STRERROR 1

configure: exit 0
